<?xml version="1.0" encoding="UTF-8"?>
<robot generator="Robot 4.0.3 (Python 3.9.6 on darwin)" generated="20210713 11:32:21.817" rpa="false" schemaversion="2">
<suite id="s1" name="Lazada" source="/Users/nicolejavier/Documents/FashionPLM/Exercise1/Tests/Lazada.robot">
<test id="s1-t1" name="[TC-001] Open Lazada Website">
<kw name="Open Chrome Browser" library="Lazada">
<arg>${URL}</arg>
<kw name="Open Browser" library="SeleniumLibrary">
<arg>${URL}</arg>
<arg>Chrome</arg>
<doc>Opens a new browser instance to the optional ``url``.</doc>
<msg timestamp="20210713 11:32:22.054" level="INFO">Opening browser 'Chrome' to base url 'https://www.lazada.com.ph/'.</msg>
<status status="PASS" starttime="20210713 11:32:22.054" endtime="20210713 11:32:26.614"/>
</kw>
<status status="PASS" starttime="20210713 11:32:22.053" endtime="20210713 11:32:26.615"/>
</kw>
<status status="PASS" starttime="20210713 11:32:22.052" endtime="20210713 11:32:26.615"/>
</test>
<test id="s1-t2" name="[TC-002] Search For Product">
<kw name="Input Search Term" library="Lazada">
<arg>${searchProd}</arg>
<kw name="Input Text" library="SeleniumLibrary">
<arg>${txtSearch}</arg>
<arg>${searchProd}</arg>
<doc>Types the given ``text`` into the text field identified by ``locator``.</doc>
<msg timestamp="20210713 11:32:26.618" level="INFO">Typing text 'Selfie Stick' into text field 'name:q'.</msg>
<status status="PASS" starttime="20210713 11:32:26.617" endtime="20210713 11:32:27.830"/>
</kw>
<status status="PASS" starttime="20210713 11:32:26.617" endtime="20210713 11:32:27.830"/>
</kw>
<kw name="Click Lazada Search Button" library="Lazada">
<kw name="Press Keys" library="SeleniumLibrary">
<arg>${searchBtn}</arg>
<arg>RETURN</arg>
<doc>Simulates the user pressing key(s) to an element or on the active browser.</doc>
<msg timestamp="20210713 11:32:27.832" level="INFO">Sending key(s) ('RETURN',) to xpath://*[@id="topActionHeader"]/div/div[2]/div/div[2]/form/div/div[2]/button element.</msg>
<msg timestamp="20210713 11:32:32.199" level="INFO">Pressing special key RETURN to element.</msg>
<msg timestamp="20210713 11:32:32.199" level="INFO">Releasing special key RETURN.</msg>
<status status="PASS" starttime="20210713 11:32:27.831" endtime="20210713 11:32:32.303"/>
</kw>
<status status="PASS" starttime="20210713 11:32:27.831" endtime="20210713 11:32:32.303"/>
</kw>
<kw name="Verify If Page Contains Results" library="Lazada">
<kw name="Page Should Contain" library="SeleniumLibrary">
<arg>${searchProd}</arg>
<doc>Verifies that current page contains ``text``.</doc>
<msg timestamp="20210713 11:32:32.375" level="INFO">Current page contains text 'Selfie Stick'.</msg>
<status status="PASS" starttime="20210713 11:32:32.304" endtime="20210713 11:32:32.376"/>
</kw>
<status status="PASS" starttime="20210713 11:32:32.303" endtime="20210713 11:32:32.376"/>
</kw>
<kw name="Click First Item" library="Lazada">
<kw name="Click Element" library="SeleniumLibrary">
<arg>${clickItem}</arg>
<doc>Click the element identified by ``locator``.</doc>
<msg timestamp="20210713 11:32:32.377" level="INFO">Clicking element 'xpath://*[@id="root"]/div/div[2]/div[1]/div/div[1]/div[2]/div[1]/div/div/div[1]/div[1]'.</msg>
<status status="PASS" starttime="20210713 11:32:32.376" endtime="20210713 11:32:36.056"/>
</kw>
<status status="PASS" starttime="20210713 11:32:32.376" endtime="20210713 11:32:36.057"/>
</kw>
<kw name="Verify If Page Contains Selfie Stick" library="Lazada">
<kw name="Page Should Contain" library="SeleniumLibrary">
<arg>${searchProd}</arg>
<doc>Verifies that current page contains ``text``.</doc>
<msg timestamp="20210713 11:32:36.395" level="INFO">Current page contains text 'Selfie Stick'.</msg>
<status status="PASS" starttime="20210713 11:32:36.058" endtime="20210713 11:32:36.395"/>
</kw>
<status status="PASS" starttime="20210713 11:32:36.057" endtime="20210713 11:32:36.395"/>
</kw>
<status status="PASS" starttime="20210713 11:32:26.616" endtime="20210713 11:32:36.395"/>
</test>
<test id="s1-t3" name="[TC-003] Add Product To Cart">
<kw name="Click Add To Cart Button" library="Lazada">
<kw name="Click Element" library="SeleniumLibrary">
<arg>${addToCart}</arg>
<doc>Click the element identified by ``locator``.</doc>
<msg timestamp="20210713 11:32:36.398" level="INFO">Clicking element 'class:add-to-cart-buy-now-btn'.</msg>
<status status="PASS" starttime="20210713 11:32:36.397" endtime="20210713 11:32:36.502"/>
</kw>
<status status="PASS" starttime="20210713 11:32:36.397" endtime="20210713 11:32:36.502"/>
</kw>
<status status="PASS" starttime="20210713 11:32:36.396" endtime="20210713 11:32:36.503"/>
</test>
<test id="s1-t4" name="[TC-004] Login">
<kw name="Verify If Login Modal Popup" library="Lazada">
<kw name="Wait Until Element Is Visible" library="SeleniumLibrary">
<arg>class:login-iframe</arg>
<doc>Waits until the element ``locator`` is visible.</doc>
<status status="PASS" starttime="20210713 11:32:36.505" endtime="20210713 11:32:36.559"/>
</kw>
<kw name="Page Should Contain" library="SeleniumLibrary">
<arg>${txtLogin}</arg>
<doc>Verifies that current page contains ``text``.</doc>
<msg timestamp="20210713 11:32:36.587" level="INFO">Current page contains text 'Welcome'.</msg>
<status status="PASS" starttime="20210713 11:32:36.560" endtime="20210713 11:32:36.587"/>
</kw>
<status status="PASS" starttime="20210713 11:32:36.504" endtime="20210713 11:32:36.587"/>
</kw>
<kw name="Input Email" library="Lazada">
<kw name="Select Frame" library="SeleniumLibrary">
<arg>class:login-iframe</arg>
<doc>Sets frame identified by ``locator`` as the current frame.</doc>
<msg timestamp="20210713 11:32:36.588" level="INFO">Selecting frame 'class:login-iframe'.</msg>
<status status="PASS" starttime="20210713 11:32:36.588" endtime="20210713 11:32:37.202"/>
</kw>
<kw name="Input Text" library="SeleniumLibrary">
<arg>${inputEmail}</arg>
<arg>${email}</arg>
<doc>Types the given ``text`` into the text field identified by ``locator``.</doc>
<msg timestamp="20210713 11:32:37.203" level="INFO">Typing text 'treacherousnicole@gmail.com' into text field 'xpath://*[@id="container"]/div/div/div/div[2]/form/div/div[1]/div[1]/input'.</msg>
<status status="PASS" starttime="20210713 11:32:37.203" endtime="20210713 11:32:37.496"/>
</kw>
<status status="PASS" starttime="20210713 11:32:36.587" endtime="20210713 11:32:37.496"/>
</kw>
<kw name="Input Password" library="Lazada">
<kw name="Input Text" library="SeleniumLibrary">
<arg>${inputPass}</arg>
<arg>${password}</arg>
<doc>Types the given ``text`` into the text field identified by ``locator``.</doc>
<msg timestamp="20210713 11:32:37.497" level="INFO">Typing text 'Cot2018.' into text field 'xpath://*[@id="container"]/div/div/div/div[2]/form/div/div[1]/div[2]/input'.</msg>
<status status="PASS" starttime="20210713 11:32:37.497" endtime="20210713 11:32:37.644"/>
</kw>
<kw name="Wait Until Element Is Visible" library="SeleniumLibrary">
<arg>class:pc-slider</arg>
<doc>Waits until the element ``locator`` is visible.</doc>
<status status="PASS" starttime="20210713 11:32:37.644" endtime="20210713 11:32:37.898"/>
</kw>
<kw name="Drag And Drop By Offset" library="SeleniumLibrary">
<arg>xpath://*[@id="nc_2_n1z"]</arg>
<arg>265</arg>
<arg>0</arg>
<doc>Drags the element identified with ``locator`` by ``xoffset/yoffset``.</doc>
<status status="PASS" starttime="20210713 11:32:37.898" endtime="20210713 11:32:38.530"/>
</kw>
<status status="PASS" starttime="20210713 11:32:37.496" endtime="20210713 11:32:38.531"/>
</kw>
<status status="PASS" starttime="20210713 11:32:36.503" endtime="20210713 11:32:38.531"/>
</test>
<test id="s1-t5" name="[TC-005] Network Traffic">
<kw name="Network Traffic" library="Lazada">
<kw name="Wait Until Element Is Visible" library="SeleniumLibrary">
<arg>xpath://*[@id="sufei-dialog-content"]</arg>
<doc>Waits until the element ``locator`` is visible.</doc>
<status status="PASS" starttime="20210713 11:32:38.532" endtime="20210713 11:32:39.968"/>
</kw>
<kw name="Select Frame" library="SeleniumLibrary">
<arg>xpath://*[@id="sufei-dialog-content"]</arg>
<doc>Sets frame identified by ``locator`` as the current frame.</doc>
<msg timestamp="20210713 11:32:39.968" level="INFO">Selecting frame 'xpath://*[@id="sufei-dialog-content"]'.</msg>
<status status="PASS" starttime="20210713 11:32:39.968" endtime="20210713 11:32:40.241"/>
</kw>
<kw name="Wait Until Element Is Visible" library="SeleniumLibrary">
<arg>id:nocaptcha</arg>
<doc>Waits until the element ``locator`` is visible.</doc>
<status status="PASS" starttime="20210713 11:32:40.241" endtime="20210713 11:32:40.275"/>
</kw>
<kw name="Set Focus To Element" library="SeleniumLibrary">
<arg>id:nc_2_wrapper</arg>
<doc>Sets the focus to the element identified by ``locator``.</doc>
<status status="PASS" starttime="20210713 11:32:40.275" endtime="20210713 11:32:40.293"/>
</kw>
<kw name="Drag And Drop By Offset" library="SeleniumLibrary">
<arg>class:btn_slide</arg>
<arg>258</arg>
<arg>0</arg>
<doc>Drags the element identified with ``locator`` by ``xoffset/yoffset``.</doc>
<kw name="Capture Page Screenshot" library="SeleniumLibrary">
<doc>Takes a screenshot of the current page and embeds it into a log file.</doc>
<msg timestamp="20210713 11:32:40.705" level="INFO" html="true">&lt;/td&gt;&lt;/tr&gt;&lt;tr&gt;&lt;td colspan="3"&gt;&lt;a href="selenium-screenshot-15.png"&gt;&lt;img src="selenium-screenshot-15.png" width="800px"&gt;&lt;/a&gt;</msg>
<status status="PASS" starttime="20210713 11:32:40.424" endtime="20210713 11:32:40.705"/>
</kw>
<msg timestamp="20210713 11:32:40.714" level="FAIL">Element with locator 'class:btn_slide' not found.</msg>
<status status="FAIL" starttime="20210713 11:32:40.293" endtime="20210713 11:32:40.714"/>
</kw>
<kw name="Page Should Contain" library="SeleniumLibrary">
<arg>To protect your account security</arg>
<doc>Verifies that current page contains ``text``.</doc>
<status status="NOT RUN" starttime="20210713 11:32:40.715" endtime="20210713 11:32:40.715"/>
</kw>
<status status="FAIL" starttime="20210713 11:32:38.532" endtime="20210713 11:32:40.715"/>
</kw>
<status status="FAIL" starttime="20210713 11:32:38.531" endtime="20210713 11:32:40.716">Element with locator 'class:btn_slide' not found.</status>
</test>
<status status="FAIL" starttime="20210713 11:32:21.819" endtime="20210713 11:32:40.718"/>
</suite>
<statistics>
<total>
<stat pass="4" fail="1" skip="0">All Tests</stat>
</total>
<tag>
</tag>
<suite>
<stat pass="4" fail="1" skip="0" id="s1" name="Lazada">Lazada</stat>
</suite>
</statistics>
<errors>
</errors>
</robot>
